c:\users\shake\documents\work\lzwdecompressor\lzwdecompressor\debug\lzwdecompressor.pch
c:\users\shake\documents\work\lzwdecompressor\lzwdecompressor\debug\vc141.pdb
c:\users\shake\documents\work\lzwdecompressor\lzwdecompressor\debug\vc141.idb
c:\users\shake\documents\work\lzwdecompressor\lzwdecompressor\debug\stdafx.obj
c:\users\shake\documents\work\lzwdecompressor\lzwdecompressor\debug\lzwdecompressor.obj
c:\users\shake\documents\work\lzwdecompressor\lzwdecompressor\debug\main.obj
c:\users\shake\documents\work\lzwdecompressor\debug\lzwdecompressor.pdb
c:\users\shake\documents\work\lzwdecompressor\lzwdecompressor\debug\lzwdecompressor.tlog\cl.command.1.tlog
c:\users\shake\documents\work\lzwdecompressor\lzwdecompressor\debug\lzwdecompressor.tlog\cl.read.1.tlog
c:\users\shake\documents\work\lzwdecompressor\lzwdecompressor\debug\lzwdecompressor.tlog\cl.write.1.tlog
c:\users\shake\documents\work\lzwdecompressor\lzwdecompressor\debug\lzwdecompressor.tlog\link-cvtres.read.1.tlog
c:\users\shake\documents\work\lzwdecompressor\lzwdecompressor\debug\lzwdecompressor.tlog\link-cvtres.write.1.tlog
c:\users\shake\documents\work\lzwdecompressor\lzwdecompressor\debug\lzwdecompressor.tlog\link-rc.read.1.tlog
c:\users\shake\documents\work\lzwdecompressor\lzwdecompressor\debug\lzwdecompressor.tlog\link-rc.write.1.tlog
c:\users\shake\documents\work\lzwdecompressor\lzwdecompressor\debug\lzwdecompressor.tlog\link.12104-cvtres.read.1.tlog
c:\users\shake\documents\work\lzwdecompressor\lzwdecompressor\debug\lzwdecompressor.tlog\link.12104-cvtres.write.1.tlog
c:\users\shake\documents\work\lzwdecompressor\lzwdecompressor\debug\lzwdecompressor.tlog\link.12104-rc.read.1.tlog
c:\users\shake\documents\work\lzwdecompressor\lzwdecompressor\debug\lzwdecompressor.tlog\link.12104-rc.write.1.tlog
c:\users\shake\documents\work\lzwdecompressor\lzwdecompressor\debug\lzwdecompressor.tlog\link.12104.read.1.tlog
c:\users\shake\documents\work\lzwdecompressor\lzwdecompressor\debug\lzwdecompressor.tlog\link.12104.write.1.tlog
c:\users\shake\documents\work\lzwdecompressor\lzwdecompressor\debug\lzwdecompressor.tlog\link.command.1.tlog
c:\users\shake\documents\work\lzwdecompressor\lzwdecompressor\debug\lzwdecompressor.tlog\link.read.1.tlog
c:\users\shake\documents\work\lzwdecompressor\lzwdecompressor\debug\lzwdecompressor.tlog\link.write.1.tlog
